<?xml version="1.0" encoding="UTF-8"?>
<!-- Generated by org.testng.reporters.JUnitReportReporter -->
<testsuite hostname="DESKTOP-OERVIQ1" failures="0" tests="2" name="testNg.NewTest" time="35.408" errors="0" timestamp="16 lip 2019 16:46:38 GMT" skipped="0">
  <testcase classname="testNg.NewTest" name="test2" time="17.703"/>
  <testcase classname="testNg.NewTest" name="test1" time="17.705"/>
</testsuite> <!-- testNg.NewTest -->
