<?xml version="1.0" encoding="UTF-8"?>
<!-- Generated by org.testng.reporters.JUnitReportReporter -->
<testsuite hostname="DESKTOP-OERVIQ1" failures="0" tests="2" name="testNg.PurchaseAndDeleteTest" time="67.961" errors="0" timestamp="17 lip 2019 08:49:05 GMT" skipped="0">
  <testcase classname="testNg.PurchaseAndDeleteTest" name="testUno" time="34.080"/>
  <testcase classname="testNg.PurchaseAndDeleteTest" name="testUno" time="33.881"/>
</testsuite> <!-- testNg.PurchaseAndDeleteTest -->
