<?xml version="1.0" encoding="UTF-8"?>
<!-- Generated by org.testng.reporters.JUnitReportReporter -->
<testsuite hostname="DESKTOP-OERVIQ1" failures="0" tests="2" name="testNg.PurchaseAndDeleteTest" time="54.527" errors="0" timestamp="26 lip 2019 06:18:13 GMT" skipped="0">
  <testcase classname="testNg.PurchaseAndDeleteTest" name="testUno" time="27.734"/>
  <testcase classname="testNg.PurchaseAndDeleteTest" name="testUno" time="26.793"/>
</testsuite> <!-- testNg.PurchaseAndDeleteTest -->
